This is pdfTeX, Version 3.141592653-2.6-1.40.27 (TeX Live 2025) (preloaded format=pdflatex 2025.3.26)  24 DEC 2025 09:24
entering extended mode
 restricted \write18 enabled.
 %&-line parsing enabled.
**zeta_infinite_product_ansatz.tex
(./zeta_infinite_product_ansatz.tex
LaTeX2e <2024-11-01> patch level 2
L3 programming layer <2025-01-18>
(/usr/local/texlive/2025/texmf-dist/tex/latex/revtex4-1/revtex4-1.cls
Document Class: revtex4-1 2020/09/30 4.1s (http://publish.aps.org/revtex4/ for 
documentation)
 Copyright (c) 2009 The American Physical Society.
 mailto:revtex@aps.org
 Licensed under the LPPL:
http://www.ctan.org/tex-archive/macros/latex/base/lppl.txt
 Arthur Ogawa <arthur_ogawa at sbcglobal dot net>
 Based on work by David Carlisle <david at dcarlisle.demon.co.uk>.
ltxutil[2020/09/30 4.1s utilities package (portions licensed from W. E. Baxter 
web at superscript.com)]
LaTeX Info: Redefining \@centercr on input line 346.
Class revtex4-1 Info: Repairing hyperref-unfriendly LaTeX definition of \mpfoot
note on input line 471.
Class revtex4-1 Info: Repairing broken LateX \@sect on input line 793.
\intertabularlinepenalty=\count196
\@tbpen=\count197
\@arstrutbox@hline=\box52
Class revtex4-1 Info: Repairing broken LaTeX \@xbitor on input line 1824.
Class revtex4-1 Info: Making \typeout \long on input line 2089.
ltxfront[2020/09/30 4.1s frontmatter package (AO,DPC)]
\c@affil=\count198
\c@collab=\count199
\absbox=\box53
ltxgrid[2020/09/30 4.1s page grid package (portions licensed from W. E. Baxter 
web at superscript.com)]
\c@linecount=\count266
\output@latex=\toks17
\box@size@1=\box54
\box@size@2=\box55
\@protection@box=\box56
\@topmark@saved=\toks18
\footins@saved=\box57
\footins@recovered=\box58
\column@recovered=\box59
\pagesofar=\box60
\footsofar=\box61
\pagegrid@col=\count267
Class revtex4-1 Info: Overriding \@vspace, \@vspacer, \@no@pgbk, \@newline, and
 \\  on input line 5655.
\c@part=\count268
\c@section=\count269
\c@subsection=\count270
\c@subsubsection=\count271
\c@paragraph=\count272
\c@subparagraph=\count273
\abovecaptionskip=\skip49
\belowcaptionskip=\skip50
\c@figure=\count274
\fbox@1=\box62
\c@table=\count275
\fbox@2=\box63
\c@video=\count276
\fbox@4=\box64
\@bibdataout=\write3
\widetext@top=\box65
\widetext@bot=\box66
Class revtex4-1 Info: Selecting society aip on input line 7616.
(/usr/local/texlive/2025/texmf-dist/tex/latex/revtex4-1/aip4-1.rtx
File: aip4-1.rtx 2020/09/30 4.1s AIP substyle for REVTeX
Class revtex4-1 Info: RevTeX society AIP selected on input line 64.
)

Class revtex4-1 Warning: No journal specified, using default cha.

Using journal substyle cha.
Class revtex4-1 Info: Reading file aps10pt4-1.rtx on input line 7621.
(/usr/local/texlive/2025/texmf-dist/tex/latex/revtex4-1/aps10pt4-1.rtx
File: aps10pt4-1 2020/09/30 4.1s (http://publish.aps.org/revtex4/ for documenta
tion)
Class revtex4-1 Info: RevTeX pointsize 10pt selected on input line 30.
)
Class revtex4-1 Info: Overriding 10pt on input line 7621.

(/usr/local/texlive/2025/texmf-dist/tex/latex/textcase/textcase.sty
Package: textcase 2025/02/16 v1.05 Text only upper/lower case changing (DPC)
Package textcase Info: Defining Legacy names on input line 20.
)
(/usr/local/texlive/2025/texmf-dist/tex/latex/amsfonts/amssymb.sty
Package: amssymb 2013/01/14 v3.01 AMS font symbols

(/usr/local/texlive/2025/texmf-dist/tex/latex/amsfonts/amsfonts.sty
Package: amsfonts 2013/01/14 v3.01 Basic AMSFonts support
\@emptytoks=\toks19
\symAMSa=\mathgroup4
\symAMSb=\mathgroup5
LaTeX Font Info:    Redeclaring math symbol \hbar on input line 98.
LaTeX Font Info:    Overwriting math alphabet `\mathfrak' in version `bold'
(Font)                  U/euf/m/n --> U/euf/b/n on input line 106.
))
(/usr/local/texlive/2025/texmf-dist/tex/latex/amsmath/amsmath.sty
Package: amsmath 2024/11/05 v2.17t AMS math features
\@mathmargin=\skip51

For additional information on amsmath, use the `?' option.
(/usr/local/texlive/2025/texmf-dist/tex/latex/amsmath/amstext.sty
Package: amstext 2021/08/26 v2.01 AMS text

(/usr/local/texlive/2025/texmf-dist/tex/latex/amsmath/amsgen.sty
File: amsgen.sty 1999/11/30 v2.0 generic functions
\@emptytoks=\toks20
\ex@=\dimen141
)
LaTeX Info: Redefining \text on input line 28.
)
(/usr/local/texlive/2025/texmf-dist/tex/latex/amsmath/amsbsy.sty
Package: amsbsy 1999/11/29 v1.2d Bold Symbols
\pmbraise@=\dimen142
)
(/usr/local/texlive/2025/texmf-dist/tex/latex/amsmath/amsopn.sty
Package: amsopn 2022/04/08 v2.04 operator names
)
\inf@bad=\count277
LaTeX Info: Redefining \frac on input line 233.
\uproot@=\count278
\leftroot@=\count279
LaTeX Info: Redefining \overline on input line 398.
LaTeX Info: Redefining \colon on input line 409.
\classnum@=\count280
\DOTSCASE@=\count281
LaTeX Info: Redefining \ldots on input line 495.
LaTeX Info: Redefining \dots on input line 498.
LaTeX Info: Redefining \cdots on input line 619.
\Mathstrutbox@=\box67
\strutbox@=\box68
LaTeX Info: Redefining \big on input line 721.
LaTeX Info: Redefining \Big on input line 722.
LaTeX Info: Redefining \bigg on input line 723.
LaTeX Info: Redefining \Bigg on input line 724.
\big@size=\dimen143
LaTeX Font Info:    Redeclaring font encoding OML on input line 742.
LaTeX Font Info:    Redeclaring font encoding OMS on input line 743.
\macc@depth=\count282
LaTeX Info: Redefining \bmod on input line 904.
LaTeX Info: Redefining \pmod on input line 909.
LaTeX Info: Redefining \smash on input line 939.
LaTeX Info: Redefining \relbar on input line 969.
LaTeX Info: Redefining \Relbar on input line 970.
\c@MaxMatrixCols=\count283
\dotsspace@=\muskip17
\c@parentequation=\count284
\dspbrk@lvl=\count285
\tag@help=\toks21
\row@=\count286
\column@=\count287
\maxfields@=\count288
\andhelp@=\toks22
\eqnshift@=\dimen144
\alignsep@=\dimen145
\tagshift@=\dimen146
\tagwidth@=\dimen147
\totwidth@=\dimen148
\lineht@=\dimen149
\@envbody=\toks23
\multlinegap=\skip52
\multlinetaggap=\skip53
\mathdisplay@stack=\toks24
LaTeX Info: Redefining \[ on input line 2953.
LaTeX Info: Redefining \] on input line 2954.
)
(/usr/local/texlive/2025/texmf-dist/tex/latex/url/url.sty
\Urlmuskip=\muskip18
Package: url 2013/09/16  ver 3.4  Verb mode for urls, etc.
)
(/usr/local/texlive/2025/texmf-dist/tex/latex/natbib/natbib.sty
Package: natbib 2010/09/13 8.31b (PWD, AO)
\bibhang=\skip54
\bibsep=\skip55
LaTeX Info: Redefining \cite on input line 694.
\c@NAT@ctr=\count289
)
Class revtex4-1 Info: Repairing natbib's \BibitemShut on input line 7623.

(/usr/local/texlive/2025/texmf-dist/tex/latex/revtex4-1/revsymb4-1.sty
Package: revsymb4-1 2020/09/30 4.1s (http://publish.aps.org/revtex4/ for docume
ntation)
LaTeX Info: Redefining \frak on input line 95.
LaTeX Info: Redefining \Bbb on input line 111.
LaTeX Info: Redefining \REV@mathfrak on input line 119.
))
(/usr/local/texlive/2025/texmf-dist/tex/latex/graphics/graphicx.sty
Package: graphicx 2021/09/16 v1.2d Enhanced LaTeX Graphics (DPC,SPQR)

(/usr/local/texlive/2025/texmf-dist/tex/latex/graphics/keyval.sty
Package: keyval 2022/05/29 v1.15 key=value parser (DPC)
\KV@toks@=\toks25
)
(/usr/local/texlive/2025/texmf-dist/tex/latex/graphics/graphics.sty
Package: graphics 2024/08/06 v1.4g Standard LaTeX Graphics (DPC,SPQR)

(/usr/local/texlive/2025/texmf-dist/tex/latex/graphics/trig.sty
Package: trig 2023/12/02 v1.11 sin cos tan (DPC)
)
(/usr/local/texlive/2025/texmf-dist/tex/latex/graphics-cfg/graphics.cfg
File: graphics.cfg 2016/06/04 v1.11 sample graphics configuration
)
Package graphics Info: Driver file: pdftex.def on input line 106.

(/usr/local/texlive/2025/texmf-dist/tex/latex/graphics-def/pdftex.def
File: pdftex.def 2024/04/13 v1.2c Graphics/color driver for pdftex
))
\Gin@req@height=\dimen150
\Gin@req@width=\dimen151
)
(/usr/local/texlive/2025/texmf-dist/tex/latex/tools/dcolumn.sty
Package: dcolumn 2023/07/08 v1.06 decimal alignment package (DPC)

(/usr/local/texlive/2025/texmf-dist/tex/latex/tools/array.sty
Package: array 2024/10/17 v2.6g Tabular extension package (FMi)
\col@sep=\dimen152
\ar@mcellbox=\box69
\extrarowheight=\dimen153
\NC@list=\toks26
\extratabsurround=\skip56
\backup@length=\skip57
\ar@cellbox=\box70
))
(/usr/local/texlive/2025/texmf-dist/tex/latex/tools/bm.sty
Package: bm 2023/12/19 v1.2f Bold Symbol Support (DPC/FMi)
\symboldoperators=\mathgroup6
\symboldletters=\mathgroup7
\symboldsymbols=\mathgroup8
Package bm Info: No bold for \OMX/cmex/m/n, using \pmb.
Package bm Info: No bold for \U/msa/m/n, using \pmb.
Package bm Info: No bold for \U/msb/m/n, using \pmb.
LaTeX Font Info:    Redeclaring math alphabet \mathbf on input line 149.
LaTeX Info: Redefining \bm on input line 219.
)
(/usr/local/texlive/2025/texmf-dist/tex/latex/psnfss/mathptmx.sty
Package: mathptmx 2020/03/25 PSNFSS-v9.3 Times w/ Math, improved (SPQR, WaS) 
LaTeX Font Info:    Redeclaring symbol font `operators' on input line 28.
LaTeX Font Info:    Overwriting symbol font `operators' in version `normal'
(Font)                  OT1/cmr/m/n --> OT1/ztmcm/m/n on input line 28.
LaTeX Font Info:    Overwriting symbol font `operators' in version `bold'
(Font)                  OT1/cmr/bx/n --> OT1/ztmcm/m/n on input line 28.
LaTeX Font Info:    Redeclaring symbol font `letters' on input line 29.
LaTeX Font Info:    Overwriting symbol font `letters' in version `normal'
(Font)                  OML/cmm/m/it --> OML/ztmcm/m/it on input line 29.
LaTeX Font Info:    Overwriting symbol font `letters' in version `bold'
(Font)                  OML/cmm/b/it --> OML/ztmcm/m/it on input line 29.
LaTeX Font Info:    Redeclaring symbol font `symbols' on input line 30.
LaTeX Font Info:    Overwriting symbol font `symbols' in version `normal'
(Font)                  OMS/cmsy/m/n --> OMS/ztmcm/m/n on input line 30.
LaTeX Font Info:    Overwriting symbol font `symbols' in version `bold'
(Font)                  OMS/cmsy/b/n --> OMS/ztmcm/m/n on input line 30.
LaTeX Font Info:    Redeclaring symbol font `largesymbols' on input line 31.
LaTeX Font Info:    Overwriting symbol font `largesymbols' in version `normal'
(Font)                  OMX/cmex/m/n --> OMX/ztmcm/m/n on input line 31.
LaTeX Font Info:    Overwriting symbol font `largesymbols' in version `bold'
(Font)                  OMX/cmex/m/n --> OMX/ztmcm/m/n on input line 31.
\symbold=\mathgroup9
\symitalic=\mathgroup10
LaTeX Font Info:    Redeclaring math alphabet \mathbf on input line 34.
LaTeX Font Info:    Redeclaring math alphabet \mathit on input line 35.
LaTeX Font Info:    Overwriting math alphabet `\mathit' in version `normal'
(Font)                  OT1/cmr/m/it --> OT1/ptm/m/it on input line 35.
LaTeX Font Info:    Overwriting math alphabet `\mathit' in version `bold'
(Font)                  OT1/cmr/bx/it --> OT1/ptm/m/it on input line 35.
LaTeX Info: Redefining \hbar on input line 50.
)
(/usr/local/texlive/2025/texmf-dist/tex/latex/etoolbox/etoolbox.sty
Package: etoolbox 2025/02/11 v2.5l e-TeX tools for LaTeX (JAW)
\etb@tempcnta=\count290
)
(/usr/local/texlive/2025/texmf-dist/tex/latex/bbm-macros/bbm.sty
Package: bbm 1999/03/15 V 1.2 provides fonts for set symbols - TH
LaTeX Font Info:    Overwriting math alphabet `\mathbbm' in version `bold'
(Font)                  U/bbm/m/n --> U/bbm/bx/n on input line 33.
LaTeX Font Info:    Overwriting math alphabet `\mathbbmss' in version `bold'
(Font)                  U/bbmss/m/n --> U/bbmss/bx/n on input line 35.
)
(/usr/local/texlive/2025/texmf-dist/tex/latex/amscls/amsthm.sty
Package: amsthm 2020/05/29 v2.20.6
\thm@style=\toks27
\thm@bodyfont=\toks28
\thm@headfont=\toks29
\thm@notefont=\toks30
\thm@headpunct=\toks31
\thm@preskip=\skip58
\thm@postskip=\skip59
\thm@headsep=\skip60
\dth@everypar=\toks32
)
(/usr/local/texlive/2025/texmf-dist/tex/latex/mathtools/mathtools.sty
Package: mathtools 2024/10/04 v1.31 mathematical typesetting tools

(/usr/local/texlive/2025/texmf-dist/tex/latex/tools/calc.sty
Package: calc 2023/07/08 v4.3 Infix arithmetic (KKT,FJ)
\calc@Acount=\count291
\calc@Bcount=\count292
\calc@Adimen=\dimen154
\calc@Bdimen=\dimen155
\calc@Askip=\skip61
\calc@Bskip=\skip62
LaTeX Info: Redefining \setlength on input line 80.
LaTeX Info: Redefining \addtolength on input line 81.
\calc@Ccount=\count293
\calc@Cskip=\skip63
)
(/usr/local/texlive/2025/texmf-dist/tex/latex/mathtools/mhsetup.sty
Package: mhsetup 2021/03/18 v1.4 programming setup (MH)
)
\g_MT_multlinerow_int=\count294
\l_MT_multwidth_dim=\dimen156
\origjot=\skip64
\l_MT_shortvdotswithinadjustabove_dim=\dimen157
\l_MT_shortvdotswithinadjustbelow_dim=\dimen158
\l_MT_above_intertext_sep=\dimen159
\l_MT_below_intertext_sep=\dimen160
\l_MT_above_shortintertext_sep=\dimen161
\l_MT_below_shortintertext_sep=\dimen162
\xmathstrut@box=\box71
\xmathstrut@dim=\dimen163
)
(/usr/local/texlive/2025/texmf-dist/tex/latex/jknapltx/mathrsfs.sty
Package: mathrsfs 1996/01/01 Math RSFS package v1.0 (jk)
\symrsfs=\mathgroup11
)
(/usr/local/texlive/2025/texmf-dist/tex/latex/base/inputenc.sty
Package: inputenc 2024/02/08 v1.3d Input encoding file
\inpenc@prehook=\toks33
\inpenc@posthook=\toks34
)
(/usr/local/texlive/2025/texmf-dist/tex/latex/base/fontenc.sty
Package: fontenc 2021/04/29 v2.0v Standard LaTeX package
LaTeX Font Info:    Trying to load font information for T1+ptm on input line 11
6.

(/usr/local/texlive/2025/texmf-dist/tex/latex/psnfss/t1ptm.fd
File: t1ptm.fd 2001/06/04 font definitions for T1/ptm.
))
\c@theorem=\count295
\c@example=\count296
Class revtex4-1 Info: Unrecognized array package. Please update this document c
lass! (Proceeding with fingers crossed.) on input line 52.
Class revtex4-1 Info: cite was not loaded (OK!) on input line 52.
Class revtex4-1 Info: mcite was not loaded (OK!) on input line 52.
Class revtex4-1 Info: multicol was not loaded (OK!) on input line 52.

(/usr/local/texlive/2025/texmf-dist/tex/latex/l3backend/l3backend-pdftex.def
File: l3backend-pdftex.def 2024-05-08 L3 backend support: PDF output (pdfTeX)
\l__color_backend_stack_int=\count297
\l__pdf_internal_box=\box72
)
(./zeta_infinite_product_ansatz.aux)
\openout1 = `zeta_infinite_product_ansatz.aux'.

LaTeX Font Info:    Checking defaults for OML/cmm/m/it on input line 52.
LaTeX Font Info:    ... okay on input line 52.
LaTeX Font Info:    Checking defaults for OMS/cmsy/m/n on input line 52.
LaTeX Font Info:    ... okay on input line 52.
LaTeX Font Info:    Checking defaults for OT1/cmr/m/n on input line 52.
LaTeX Font Info:    ... okay on input line 52.
LaTeX Font Info:    Checking defaults for T1/cmr/m/n on input line 52.
LaTeX Font Info:    ... okay on input line 52.
LaTeX Font Info:    Checking defaults for TS1/cmr/m/n on input line 52.
LaTeX Font Info:    ... okay on input line 52.
LaTeX Font Info:    Checking defaults for OMX/cmex/m/n on input line 52.
LaTeX Font Info:    ... okay on input line 52.
LaTeX Font Info:    Checking defaults for U/cmr/m/n on input line 52.
LaTeX Font Info:    ... okay on input line 52.

(/usr/local/texlive/2025/texmf-dist/tex/context/base/mkii/supp-pdf.mkii
[Loading MPS to PDF converter (version 2006.09.02).]
\scratchcounter=\count298
\scratchdimen=\dimen164
\scratchbox=\box73
\nofMPsegments=\count299
\nofMParguments=\count300
\everyMPshowfont=\toks35
\MPscratchCnt=\count301
\MPscratchDim=\dimen165
\MPnumerator=\count302
\makeMPintoPDFobject=\count303
\everyMPtoPDFconversion=\toks36
) (/usr/local/texlive/2025/texmf-dist/tex/latex/epstopdf-pkg/epstopdf-base.sty
Package: epstopdf-base 2020-01-24 v2.11 Base part for package epstopdf

(/usr/local/texlive/2025/texmf-dist/tex/generic/infwarerr/infwarerr.sty
Package: infwarerr 2019/12/03 v1.5 Providing info/warning/error messages (HO)
)
(/usr/local/texlive/2025/texmf-dist/tex/latex/grfext/grfext.sty
Package: grfext 2019/12/03 v1.3 Manage graphics extensions (HO)

(/usr/local/texlive/2025/texmf-dist/tex/generic/kvdefinekeys/kvdefinekeys.sty
Package: kvdefinekeys 2019-12-19 v1.6 Define keys (HO)
)) (/usr/local/texlive/2025/texmf-dist/tex/latex/kvoptions/kvoptions.sty
Package: kvoptions 2022-06-15 v3.15 Key value format for package options (HO)

(/usr/local/texlive/2025/texmf-dist/tex/generic/ltxcmds/ltxcmds.sty
Package: ltxcmds 2023-12-04 v1.26 LaTeX kernel commands for general use (HO)
)
(/usr/local/texlive/2025/texmf-dist/tex/latex/kvsetkeys/kvsetkeys.sty
Package: kvsetkeys 2022-10-05 v1.19 Key value parser (HO)
))
(/usr/local/texlive/2025/texmf-dist/tex/generic/pdftexcmds/pdftexcmds.sty
Package: pdftexcmds 2020-06-27 v0.33 Utility functions of pdfTeX for LuaTeX (HO
)

(/usr/local/texlive/2025/texmf-dist/tex/generic/iftex/iftex.sty
Package: iftex 2024/12/12 v1.0g TeX engine tests
)
Package pdftexcmds Info: \pdf@primitive is available.
Package pdftexcmds Info: \pdf@ifprimitive is available.
Package pdftexcmds Info: \pdfdraftmode found.
)
Package epstopdf-base Info: Redefining graphics rule for `.eps' on input line 4
85.
Package grfext Info: Graphics extension search list:
(grfext)             [.pdf,.png,.jpg,.mps,.jpeg,.jbig2,.jb2,.PDF,.PNG,.JPG,.JPE
G,.JBIG2,.JB2,.eps]
(grfext)             \AppendGraphicsExtensions on input line 504.

(/usr/local/texlive/2025/texmf-dist/tex/latex/latexconfig/epstopdf-sys.cfg
File: epstopdf-sys.cfg 2010/07/13 v1.3 Configuration of (r)epstopdf for TeX Liv
e
))
\openout3 = `zeta_infinite_product_ansatzNotes.bib'.

LaTeX Font Info:    Trying to load font information for OT1+ztmcm on input line
 66.

(/usr/local/texlive/2025/texmf-dist/tex/latex/psnfss/ot1ztmcm.fd
File: ot1ztmcm.fd 2000/01/03 Fontinst v1.801 font definitions for OT1/ztmcm.
)
LaTeX Font Info:    Trying to load font information for OML+ztmcm on input line
 66.

(/usr/local/texlive/2025/texmf-dist/tex/latex/psnfss/omlztmcm.fd
File: omlztmcm.fd 2000/01/03 Fontinst v1.801 font definitions for OML/ztmcm.
)
LaTeX Font Info:    Trying to load font information for OMS+ztmcm on input line
 66.

(/usr/local/texlive/2025/texmf-dist/tex/latex/psnfss/omsztmcm.fd
File: omsztmcm.fd 2000/01/03 Fontinst v1.801 font definitions for OMS/ztmcm.
)
LaTeX Font Info:    Trying to load font information for OMX+ztmcm on input line
 66.

(/usr/local/texlive/2025/texmf-dist/tex/latex/psnfss/omxztmcm.fd
File: omxztmcm.fd 2000/01/03 Fontinst v1.801 font definitions for OMX/ztmcm.
)
LaTeX Font Info:    Trying to load font information for OT1+ptm on input line 6
6.

(/usr/local/texlive/2025/texmf-dist/tex/latex/psnfss/ot1ptm.fd
File: ot1ptm.fd 2001/06/04 font definitions for OT1/ptm.
)
LaTeX Font Info:    Font shape `OT1/ptm/bx/n' in size <14.4> not available
(Font)              Font shape `OT1/ptm/b/n' tried instead on input line 66.
LaTeX Font Info:    Font shape `OT1/ptm/bx/n' in size <10.95> not available
(Font)              Font shape `OT1/ptm/b/n' tried instead on input line 66.
LaTeX Font Info:    Font shape `OT1/ptm/bx/n' in size <8> not available
(Font)              Font shape `OT1/ptm/b/n' tried instead on input line 66.
LaTeX Font Info:    Trying to load font information for U+rsfs on input line 66
.

(/usr/local/texlive/2025/texmf-dist/tex/latex/jknapltx/ursfs.fd
File: ursfs.fd 1998/03/24 rsfs font definition file (jk)
)
LaTeX Font Info:    Font shape `OT1/ptm/bx/n' in size <10> not available
(Font)              Font shape `OT1/ptm/b/n' tried instead on input line 66.
LaTeX Font Info:    Font shape `OT1/ptm/bx/n' in size <7.4> not available
(Font)              Font shape `OT1/ptm/b/n' tried instead on input line 66.
LaTeX Font Info:    Font shape `OT1/ptm/bx/n' in size <6> not available
(Font)              Font shape `OT1/ptm/b/n' tried instead on input line 66.

Underfull \hbox (badness 1168) in paragraph at lines 82--84
\T1/ptm/m/n/10 where $\OML/ztmcm/m/it/10 ^^[\OT1/ztmcm/m/n/10 (\OML/ztmcm/m/it/
10 s; \OT1/ztmcm/m/n/10 0\OML/ztmcm/m/it/10 ; \OT1/ztmcm/m/n/10 0)$ \T1/ptm/m/n
/10 is a for-mal in-te-gral trans-form en-cod-ing
 []


Underfull \hbox (badness 1137) in paragraph at lines 85--86
[]\T1/ptm/m/n/10 The same for-mal-ism pro-duces a fam-ily of trans-forms
 []


Overfull \hbox (27.46376pt too wide) detected at line 90
[]
 []


Overfull \hbox (14.584pt too wide) detected at line 117
\OML/ztmcm/m/it/10 ^^[\OT1/ztmcm/m/n/10 (\OML/ztmcm/m/it/10 s; \OT1/ztmcm/m/n/1
0 2\OML/ztmcm/m/it/10 j; \OT1/ztmcm/m/n/10 2\OML/ztmcm/m/it/10 m\OT1/ztmcm/m/n/
10 ) = 4[]\OML/ztmcm/m/it/10 ^^[\OT1/ztmcm/m/n/10 (\OML/ztmcm/m/it/10 s; \OT1/z
tmcm/m/n/10 0\OML/ztmcm/m/it/10 ; \OT1/ztmcm/m/n/10 0) = 4[] \OMS/ztmcm/m/n/10 
^^A \OT1/ztmcm/m/n/10 4\OML/ztmcm/m/it/10 ^^P\OT1/ztmcm/m/n/10 (\OML/ztmcm/m/it
/10 s\OT1/ztmcm/m/n/10 )^^@(\OML/ztmcm/m/it/10 s \OT1/ztmcm/m/n/10 + 1)(1 \OMS/
ztmcm/m/n/10 ^^@ \OT1/ztmcm/m/n/10 2[])\OML/ztmcm/m/it/10 :
 []

[1{/usr/local/texlive/2025/texmf-var/fonts/map/pdftex/updmap/pdftex.map}{/usr/l
ocal/texlive/2025/texmf-dist/fonts/enc/dvips/cm-super/cm-super-t1.enc}{/usr/loc
al/texlive/2025/texmf-dist/fonts/enc/dvips/base/8r.enc}]
LaTeX Font Info:    Font shape `OT1/ptm/bx/n' in size <9> not available
(Font)              Font shape `OT1/ptm/b/n' tried instead on input line 143.
LaTeX Font Info:    Font shape `OT1/ptm/bx/n' in size <7> not available
(Font)              Font shape `OT1/ptm/b/n' tried instead on input line 143.
LaTeX Font Info:    Font shape `OT1/ptm/bx/n' in size <5> not available
(Font)              Font shape `OT1/ptm/b/n' tried instead on input line 143.
LaTeX Font Info:    Trying to load font information for TS1+ptm on input line 1
61.

(/usr/local/texlive/2025/texmf-dist/tex/latex/psnfss/ts1ptm.fd
File: ts1ptm.fd 2001/06/04 font definitions for TS1/ptm.
)
Underfull \hbox (badness 1210) in paragraph at lines 235--236
\T1/ptm/b/n/10 Conjecture IV.1. \T1/ptm/m/n/10 Un-der the Yang-Baxter con-strai
nt and
 []

[2]
Underfull \hbox (badness 2134) in paragraph at lines 289--290
[]\T1/ptm/m/n/10 The sym-me-try $\OML/ztmcm/m/it/10 s \OMS/ztmcm/m/n/10 $ \OT1/
ztmcm/m/n/10 1 \OMS/ztmcm/m/n/10 ^^@ \OML/ztmcm/m/it/10 s$ \T1/ptm/m/n/10 cor-r
e-sponds to a spectral-
 []

[3]
Overfull \hbox (2.98268pt too wide) detected at line 343
[][] []\OML/ztmcm/m/it/10 n[] [] []^^P\OT1/ztmcm/m/n/10 (\OML/ztmcm/m/it/10 s\O
T1/ztmcm/m/n/10 )\OML/ztmcm/m/it/10 :
 []

[4]
Underfull \hbox (badness 6063) in paragraph at lines 447--448
 []\T1/ptm/b/n/10 Frequency uni-ver-sal-ity: \T1/ptm/m/n/10 Is $\OML/ztmcm/m/it
/10 ^^W$ \T1/ptm/m/n/10 uni-ver-sal or $\OML/ztmcm/m/it/10 s$\T1/ptm/m/n/10 -
 []

[5]
Underfull \hbox (badness 2205) in paragraph at lines 491--492
[]\T1/ptm/m/n/10 However, an al-ter-na-tive scal-ing emerges from quasi-
 []


Overfull \hbox (35.57414pt too wide) detected at line 548
[][]  \OMS/ztmcm/m/n/10 ,  []\OML/ztmcm/m/it/10 C\OT1/ztmcm/m/n/10 (\OML/ztmcm/
m/it/10 s\OT1/ztmcm/m/n/10 )[] []([][](\OML/ztmcm/m/it/10 s\OT1/ztmcm/m/n/10 ))
 = 0\OML/ztmcm/m/it/10 :
 []

[6]
Overfull \hbox (10.45459pt too wide) detected at line 618
[][]\OML/ztmcm/m/it/10 H[] \OT1/ztmcm/m/n/10 = \OMS/ztmcm/m/n/10 f\OML/ztmcm/m/
it/10 ^^Z[]; ^^Z[]; ^^Z[]; [] \OT1/ztmcm/m/n/10 : \OML/ztmcm/m/it/10 ^^P\OT1/zt
mcm/m/n/10 (1\OML/ztmcm/m/it/10 =\OT1/ztmcm/m/n/10 2 + \OML/ztmcm/m/it/10 i^^Z[
]\OT1/ztmcm/m/n/10 ) = 0[]\OML/ztmcm/m/it/10 ^^Z[] > \OT1/ztmcm/m/n/10 0\OMS/zt
mcm/m/n/10 g\OML/ztmcm/m/it/10 :
 []


Underfull \hbox (badness 2318) in paragraph at lines 630--631
 \T1/ptm/m/n/10 al-ge-bra $[]$ with dual cen-tral charges pro-vides the
 []


Underfull \hbox (badness 1077) in paragraph at lines 634--635
 []\T1/ptm/b/n/10 Hilbert op-er-a-tor as syn-the-sis: \T1/ptm/m/n/10 When we as
-sem-
 []

[7] [8] [9]
Underfull \hbox (badness 1297) in paragraph at lines 826--827
[]\T1/ptm/m/n/10 Numerically or an-a-lyt-i-cally con-firm that $\OML/ztmcm/m/it
/10 a[]\OT1/ztmcm/m/n/10 (\OML/ztmcm/m/it/10 s\OT1/ztmcm/m/n/10 ) =
 []


Overfull \hbox (74.18816pt too wide) in paragraph at lines 849--850
 []\T1/ptm/b/n/10 Primary Note-book: [][]\T1/cmtt/m/n/10 zeta_infinite_product_
verification.ipynb 
 []


Underfull \hbox (badness 1259) in paragraph at lines 861--862
 []\T1/ptm/m/n/10 Results: Mea-sured de-cay ex-po-nent $\OML/ztmcm/m/it/10  \O
T1/ztmcm/m/n/10 = 1\OML/ztmcm/m/it/10 :\OT1/ztmcm/m/n/10 1101 \OMS/ztmcm/m/n/10
 ^^F
 []


Underfull \hbox (badness 4739) in paragraph at lines 867--868
 [][][]\T1/cmtt/m/n/10 YANG_BAXTER_ALPHA_PROOF.md []\T1/ptm/m/n/10 ^^V Rig-or-o
us
 []


Underfull \hbox (badness 3601) in paragraph at lines 872--873
 [][][]\T1/cmtt/m/n/10 zeta_coefficient_analysis.png []\T1/ptm/m/n/10 ^^V Four-

 []


Underfull \hbox (badness 3209) in paragraph at lines 887--888
 []\T1/ptm/m/n/10 Even-indexed and odd-
 []


Underfull \hbox (badness 1286) in paragraph at lines 887--888
 \T1/ptm/m/n/10 indexed ze-ros yield sta-tis-ti-cally iden-ti-cal $\OML/ztmcm/m
/it/10 $ \T1/ptm/m/n/10 val-ues
 []


Underfull \hbox (badness 10000) in paragraph at lines 889--890
 []\T1/ptm/m/n/10 Convergence of
 []


Underfull \hbox (badness 3049) in paragraph at lines 889--890
 [] \OML/ztmcm/m/it/10 n[]$ \T1/ptm/m/n/10 with $\OML/ztmcm/m/it/10  > \OT1/zt
mcm/m/n/10 1$ \T1/ptm/m/n/10 is proven al-ge-braically as a
 []

[10]
Underfull \hbox (badness 10000) in paragraph at lines 906--907
 []\T1/cmtt/m/n/10 zeta_infinite_product_verification.ipynb
 []


Underfull \hbox (badness 10000) in paragraph at lines 908--909
 []\T1/cmtt/m/n/10 YANG_BAXTER_ALPHA_PROOF.md \T1/ptm/m/n/10 ^^V Math-e-mat-i-c
al
 []


Underfull \hbox (badness 1622) in paragraph at lines 909--910
 []\T1/cmtt/m/n/10 rmatrixisomorphism.tex \T1/ptm/m/n/10 ^^V Foun-da-tional Yan
g-
 []

(./zeta_infinite_product_ansatz.bbl) [11] (./zeta_infinite_product_ansatz.aux)
 ***********
LaTeX2e <2024-11-01> patch level 2
L3 programming layer <2025-01-18>
 ***********
 ) 
Here is how much of TeX's memory you used:
 7124 strings out of 473190
 105882 string characters out of 5715806
 523410 words of memory out of 5000000
 30186 multiletter control sequences out of 15000+600000
 654771 words of font info for 215 fonts, out of 8000000 for 9000
 1141 hyphenation exceptions out of 8191
 71i,11n,79p,991b,292s stack positions out of 10000i,1000n,20000p,200000b,200000s
</usr/local/texlive/2025/texmf-dist/fonts/type1/public/amsfonts/cm/cmex10.pfb
></usr/local/texlive/2025/texmf-dist/fonts/type1/public/amsfonts/cm/cmmi10.pfb>
</usr/local/texlive/2025/texmf-dist/fonts/type1/public/amsfonts/cm/cmr10.pfb></
usr/local/texlive/2025/texmf-dist/fonts/type1/public/amsfonts/cm/cmsy10.pfb></u
sr/local/texlive/2025/texmf-dist/fonts/type1/public/amsfonts/euler/eufm10.pfb><
/usr/local/texlive/2025/texmf-dist/fonts/type1/public/amsfonts/symbols/msbm10.p
fb></usr/local/texlive/2025/texmf-dist/fonts/type1/public/rsfs/rsfs10.pfb></usr
/local/texlive/2025/texmf-dist/fonts/type1/public/cm-super/sfso0900.pfb></usr/l
ocal/texlive/2025/texmf-dist/fonts/type1/public/cm-super/sfss0800.pfb></usr/loc
al/texlive/2025/texmf-dist/fonts/type1/public/cm-super/sfss1000.pfb></usr/local
/texlive/2025/texmf-dist/fonts/type1/public/cm-super/sfsx0900.pfb></usr/local/t
exlive/2025/texmf-dist/fonts/type1/public/cm-super/sfsx1440.pfb></usr/local/tex
live/2025/texmf-dist/fonts/type1/public/cm-super/sftt1000.pfb></usr/local/texli
ve/2025/texmf-dist/fonts/type1/urw/symbol/usyr.pfb></usr/local/texlive/2025/tex
mf-dist/fonts/type1/urw/symbol/usyr.pfb></usr/local/texlive/2025/texmf-dist/fon
ts/type1/urw/times/utmb8a.pfb></usr/local/texlive/2025/texmf-dist/fonts/type1/u
rw/times/utmbi8a.pfb></usr/local/texlive/2025/texmf-dist/fonts/type1/urw/times/
utmr8a.pfb></usr/local/texlive/2025/texmf-dist/fonts/type1/urw/times/utmri8a.pf
b>
Output written on zeta_infinite_product_ansatz.pdf (11 pages, 297323 bytes).
PDF statistics:
 137 PDF objects out of 1000 (max. 8388607)
 85 compressed objects within 1 object stream
 0 named destinations out of 1000 (max. 500000)
 1 words of extra memory for PDF output out of 10000 (max. 10000000)

